<?xml version="1.0" encoding="utf-8"?>
<CoverageSession xmlns:xsd="http://www.w3.org/2001/XMLSchema" xmlns:xsi="http://www.w3.org/2001/XMLSchema-instance">
  <Summary numSequencePoints="232" visitedSequencePoints="195" numBranchPoints="73" visitedBranchPoints="59" sequenceCoverage="84.05" branchCoverage="80.82" maxCyclomaticComplexity="7" minCyclomaticComplexity="1" visitedClasses="5" numClasses="6" visitedMethods="19" numMethods="23" />
  <Modules>
    <Module skippedDueTo="Filter" hash="E8-5D-0D-DF-48-0E-E1-36-C7-A9-9F-6C-BD-62-D5-34-9F-F0-17-FE">
      <ModulePath>C:\WINDOWS\Microsoft.Net\assembly\GAC_64\mscorlib\v4.0_4.0.0.0__b77a5c561934e089\mscorlib.dll</ModulePath>
      <ModuleTime>2017-02-22T02:17:32.1365185Z</ModuleTime>
      <ModuleName>mscorlib</ModuleName>
      <Classes />
    </Module>
    <Module skippedDueTo="MissingPdb" hash="70-0A-8C-00-26-D7-8E-3A-41-3C-43-6D-01-3C-09-CC-C9-73-85-C0">
      <ModulePath>C:\Program Files (x86)\NUnit.org\nunit-console\nunit3-console.exe</ModulePath>
      <ModuleTime>2017-03-06T16:27:00Z</ModuleTime>
      <ModuleName>nunit3-console</ModuleName>
      <Classes />
    </Module>
    <Module skippedDueTo="Filter" hash="4F-2D-57-51-8C-EB-A3-76-1B-CA-7F-0F-4C-1E-A5-88-77-48-84-05">
      <ModulePath>C:\WINDOWS\Microsoft.Net\assembly\GAC_MSIL\System\v4.0_4.0.0.0__b77a5c561934e089\System.dll</ModulePath>
      <ModuleTime>2017-01-24T02:27:50.5038952Z</ModuleTime>
      <ModuleName>System</ModuleName>
      <Classes />
    </Module>
    <Module skippedDueTo="MissingPdb" hash="90-A5-CB-F1-B1-A1-C2-DE-2A-BF-0B-6F-28-E9-82-CA-41-44-09-3A">
      <ModulePath>C:\Program Files (x86)\NUnit.org\nunit-console\nunit.engine.api.dll</ModulePath>
      <ModuleTime>2017-03-06T16:27:00Z</ModuleTime>
      <ModuleName>nunit.engine.api</ModuleName>
      <Classes />
    </Module>
    <Module skippedDueTo="MissingPdb" hash="96-DE-EF-3F-02-DC-0C-37-07-3E-B9-1D-D2-EF-F9-A2-D3-8E-11-00">
      <ModulePath>C:\Program Files (x86)\NUnit.org\nunit-console\nunit.engine.dll</ModulePath>
      <ModuleTime>2017-03-06T16:27:00Z</ModuleTime>
      <ModuleName>nunit.engine</ModuleName>
      <Classes />
    </Module>
    <Module skippedDueTo="MissingPdb" hash="96-DE-EF-3F-02-DC-0C-37-07-3E-B9-1D-D2-EF-F9-A2-D3-8E-11-00">
      <ModulePath>C:\Program Files (x86)\NUnit.org\nunit-console\nunit.engine.dll</ModulePath>
      <ModuleTime>2017-03-06T16:27:00Z</ModuleTime>
      <ModuleName>nunit.engine</ModuleName>
      <Classes />
    </Module>
    <Module skippedDueTo="Filter" hash="88-45-F0-9C-3C-9F-72-79-CB-6A-82-FA-D7-DB-C3-4A-59-80-3C-6B">
      <ModulePath>C:\WINDOWS\Microsoft.Net\assembly\GAC_MSIL\System.Xml\v4.0_4.0.0.0__b77a5c561934e089\System.Xml.dll</ModulePath>
      <ModuleTime>2016-07-16T11:43:55.4992744Z</ModuleTime>
      <ModuleName>System.Xml</ModuleName>
      <Classes />
    </Module>
    <Module skippedDueTo="Filter" hash="11-98-E7-2B-6C-7D-11-C5-0F-66-CE-47-1E-CA-60-19-D0-EB-15-8B">
      <ModulePath>C:\WINDOWS\Microsoft.Net\assembly\GAC_64\System.Web\v4.0_4.0.0.0__b03f5f7f11d50a3a\System.Web.dll</ModulePath>
      <ModuleTime>2017-02-22T02:17:32.9959633Z</ModuleTime>
      <ModuleName>System.Web</ModuleName>
      <Classes />
    </Module>
    <Module skippedDueTo="MissingPdb" hash="8A-2E-8F-D6-9D-39-02-4A-2F-30-FC-06-42-F7-0F-A8-32-69-07-72">
      <ModulePath>C:\Program Files (x86)\NUnit.org\nunit-console\Mono.Cecil.dll</ModulePath>
      <ModuleTime>2017-03-06T16:27:00Z</ModuleTime>
      <ModuleName>Mono.Cecil</ModuleName>
      <Classes />
    </Module>
    <Module skippedDueTo="Filter" hash="A6-44-D7-5C-2C-AA-24-6D-2E-64-A4-48-13-C2-22-F5-E4-2D-CE-96">
      <ModulePath>C:\WINDOWS\Microsoft.Net\assembly\GAC_MSIL\System.Runtime.Remoting\v4.0_4.0.0.0__b77a5c561934e089\System.Runtime.Remoting.dll</ModulePath>
      <ModuleTime>2016-07-16T11:43:55.4680251Z</ModuleTime>
      <ModuleName>System.Runtime.Remoting</ModuleName>
      <Classes />
    </Module>
    <Module skippedDueTo="Filter" hash="34-A3-5D-67-8E-E7-DB-60-FE-97-F3-BD-D4-E7-40-6B-00-DA-51-C8">
      <ModulePath>C:\WINDOWS\Microsoft.Net\assembly\GAC_MSIL\System.Configuration\v4.0_4.0.0.0__b03f5f7f11d50a3a\System.Configuration.dll</ModulePath>
      <ModuleTime>2016-07-16T11:43:53.9992781Z</ModuleTime>
      <ModuleName>System.Configuration</ModuleName>
      <Classes />
    </Module>
    <Module skippedDueTo="Filter" hash="E8-5D-0D-DF-48-0E-E1-36-C7-A9-9F-6C-BD-62-D5-34-9F-F0-17-FE">
      <ModulePath>C:\WINDOWS\Microsoft.Net\assembly\GAC_64\mscorlib\v4.0_4.0.0.0__b77a5c561934e089\mscorlib.dll</ModulePath>
      <ModuleTime>2017-02-22T02:17:32.1365185Z</ModuleTime>
      <ModuleName>mscorlib</ModuleName>
      <Classes />
    </Module>
    <Module skippedDueTo="MissingPdb" hash="75-5F-1A-C1-0E-E6-C9-A3-EC-A1-F0-6E-89-B4-98-86-0B-A8-B2-AD">
      <ModulePath>C:\Program Files (x86)\NUnit.org\nunit-console\nunit-agent.exe</ModulePath>
      <ModuleTime>2017-03-06T16:27:00Z</ModuleTime>
      <ModuleName>nunit-agent</ModuleName>
      <Classes />
    </Module>
    <Module skippedDueTo="MissingPdb" hash="96-DE-EF-3F-02-DC-0C-37-07-3E-B9-1D-D2-EF-F9-A2-D3-8E-11-00">
      <ModulePath>C:\Program Files (x86)\NUnit.org\nunit-console\nunit.engine.dll</ModulePath>
      <ModuleTime>2017-03-06T16:27:00Z</ModuleTime>
      <ModuleName>nunit.engine</ModuleName>
      <Classes />
    </Module>
    <Module skippedDueTo="MissingPdb" hash="90-A5-CB-F1-B1-A1-C2-DE-2A-BF-0B-6F-28-E9-82-CA-41-44-09-3A">
      <ModulePath>C:\Program Files (x86)\NUnit.org\nunit-console\nunit.engine.api.dll</ModulePath>
      <ModuleTime>2017-03-06T16:27:00Z</ModuleTime>
      <ModuleName>nunit.engine.api</ModuleName>
      <Classes />
    </Module>
    <Module skippedDueTo="Filter" hash="4F-2D-57-51-8C-EB-A3-76-1B-CA-7F-0F-4C-1E-A5-88-77-48-84-05">
      <ModulePath>C:\WINDOWS\Microsoft.Net\assembly\GAC_MSIL\System\v4.0_4.0.0.0__b77a5c561934e089\System.dll</ModulePath>
      <ModuleTime>2017-01-24T02:27:50.5038952Z</ModuleTime>
      <ModuleName>System</ModuleName>
      <Classes />
    </Module>
    <Module skippedDueTo="Filter" hash="A6-44-D7-5C-2C-AA-24-6D-2E-64-A4-48-13-C2-22-F5-E4-2D-CE-96">
      <ModulePath>C:\WINDOWS\Microsoft.Net\assembly\GAC_MSIL\System.Runtime.Remoting\v4.0_4.0.0.0__b77a5c561934e089\System.Runtime.Remoting.dll</ModulePath>
      <ModuleTime>2016-07-16T11:43:55.4680251Z</ModuleTime>
      <ModuleName>System.Runtime.Remoting</ModuleName>
      <Classes />
    </Module>
    <Module skippedDueTo="Filter" hash="88-45-F0-9C-3C-9F-72-79-CB-6A-82-FA-D7-DB-C3-4A-59-80-3C-6B">
      <ModulePath>C:\WINDOWS\Microsoft.Net\assembly\GAC_MSIL\System.Xml\v4.0_4.0.0.0__b77a5c561934e089\System.Xml.dll</ModulePath>
      <ModuleTime>2016-07-16T11:43:55.4992744Z</ModuleTime>
      <ModuleName>System.Xml</ModuleName>
      <Classes />
    </Module>
    <Module skippedDueTo="Filter" hash="11-98-E7-2B-6C-7D-11-C5-0F-66-CE-47-1E-CA-60-19-D0-EB-15-8B">
      <ModulePath>C:\WINDOWS\Microsoft.Net\assembly\GAC_64\System.Web\v4.0_4.0.0.0__b03f5f7f11d50a3a\System.Web.dll</ModulePath>
      <ModuleTime>2017-02-22T02:17:32.9959633Z</ModuleTime>
      <ModuleName>System.Web</ModuleName>
      <Classes />
    </Module>
    <Module skippedDueTo="MissingPdb" hash="8A-2E-8F-D6-9D-39-02-4A-2F-30-FC-06-42-F7-0F-A8-32-69-07-72">
      <ModulePath>C:\Program Files (x86)\NUnit.org\nunit-console\Mono.Cecil.dll</ModulePath>
      <ModuleTime>2017-03-06T16:27:00Z</ModuleTime>
      <ModuleName>Mono.Cecil</ModuleName>
      <Classes />
    </Module>
    <Module skippedDueTo="Filter" hash="34-A3-5D-67-8E-E7-DB-60-FE-97-F3-BD-D4-E7-40-6B-00-DA-51-C8">
      <ModulePath>C:\WINDOWS\Microsoft.Net\assembly\GAC_MSIL\System.Configuration\v4.0_4.0.0.0__b03f5f7f11d50a3a\System.Configuration.dll</ModulePath>
      <ModuleTime>2016-07-16T11:43:53.9992781Z</ModuleTime>
      <ModuleName>System.Configuration</ModuleName>
      <Classes />
    </Module>
    <Module skippedDueTo="MissingPdb" hash="6C-04-8C-57-BA-16-AC-9A-1E-6F-C5-9B-72-58-A4-91-04-FA-A5-1E">
      <ModulePath>D:\Dev\Multiple-Regression-Analysis\Source\MultipleRegression.UnitTests\bin\Debug\nunit.framework.dll</ModulePath>
      <ModuleTime>2017-02-25T08:53:22Z</ModuleTime>
      <ModuleName>nunit.framework</ModuleName>
      <Classes />
    </Module>
    <Module skippedDueTo="Filter" hash="4F-2D-57-51-8C-EB-A3-76-1B-CA-7F-0F-4C-1E-A5-88-77-48-84-05">
      <ModulePath>C:\WINDOWS\Microsoft.Net\assembly\GAC_MSIL\System\v4.0_4.0.0.0__b77a5c561934e089\System.dll</ModulePath>
      <ModuleTime>2017-01-24T02:27:50.5038952Z</ModuleTime>
      <ModuleName>System</ModuleName>
      <Classes />
    </Module>
    <Module skippedDueTo="Filter" hash="0E-27-EE-48-18-43-E9-5B-DA-5C-9E-39-CB-7D-31-B7-EA-D9-09-31">
      <ModulePath>C:\WINDOWS\Microsoft.Net\assembly\GAC_MSIL\System.Core\v4.0_4.0.0.0__b77a5c561934e089\System.Core.dll</ModulePath>
      <ModuleTime>2017-02-22T02:02:52.7009184Z</ModuleTime>
      <ModuleName>System.Core</ModuleName>
      <Classes />
    </Module>
    <Module skippedDueTo="Filter" hash="11-98-E7-2B-6C-7D-11-C5-0F-66-CE-47-1E-CA-60-19-D0-EB-15-8B">
      <ModulePath>C:\WINDOWS\Microsoft.Net\assembly\GAC_64\System.Web\v4.0_4.0.0.0__b03f5f7f11d50a3a\System.Web.dll</ModulePath>
      <ModuleTime>2017-02-22T02:17:32.9959633Z</ModuleTime>
      <ModuleName>System.Web</ModuleName>
      <Classes />
    </Module>
    <Module skippedDueTo="Filter" hash="E2-3F-2B-1C-60-98-20-33-38-3D-B9-AB-58-2F-AE-A3-62-AE-B4-27">
      <ModulePath>D:\Dev\Multiple-Regression-Analysis\Source\MultipleRegression.UnitTests\bin\Debug\MultipleRegression.UnitTests.dll</ModulePath>
      <ModuleTime>2017-05-02T21:43:00.3605884Z</ModuleTime>
      <ModuleName>MultipleRegression.UnitTests</ModuleName>
      <Classes />
    </Module>
    <Module hash="6C-E5-4B-1D-1F-4E-A6-06-DC-47-36-17-E1-D5-7D-F8-33-5D-23-6C">
      <Summary numSequencePoints="232" visitedSequencePoints="195" numBranchPoints="73" visitedBranchPoints="59" sequenceCoverage="84.05" branchCoverage="80.82" maxCyclomaticComplexity="7" minCyclomaticComplexity="1" visitedClasses="5" numClasses="6" visitedMethods="19" numMethods="23" />
      <ModulePath>D:\Dev\Multiple-Regression-Analysis\Source\MultipleRegression.UnitTests\bin\Debug\MultipleRegression.Core.dll</ModulePath>
      <ModuleTime>2017-05-02T21:42:59.9925819Z</ModuleTime>
      <ModuleName>MultipleRegression.Core</ModuleName>
      <Files>
        <File uid="1" fullPath="D:\Dev\Multiple-Regression-Analysis\Source\MultipleRegression.Core\MultipleRegressionSolver.cs" />
        <File uid="2" fullPath="D:\Dev\Multiple-Regression-Analysis\Source\MultipleRegression.Core\Factories\SolutionMethodFactory.cs" />
        <File uid="3" fullPath="D:\Dev\Multiple-Regression-Analysis\Source\MultipleRegression.Core\Formatters\DataTableFormatter.cs" />
        <File uid="5" fullPath="D:\Dev\Multiple-Regression-Analysis\Source\MultipleRegression.Core\SolutionMethods\GaussianEliminationSolutionMethod.cs" />
        <File uid="6" fullPath="D:\Dev\Multiple-Regression-Analysis\Source\MultipleRegression.Core\Extensions\DoubleExtensionMethods.cs" />
      </Files>
      <Classes>
        <Class>
          <Summary numSequencePoints="0" visitedSequencePoints="0" numBranchPoints="0" visitedBranchPoints="0" sequenceCoverage="0" branchCoverage="0" maxCyclomaticComplexity="0" minCyclomaticComplexity="0" visitedClasses="0" numClasses="0" visitedMethods="0" numMethods="0" />
          <FullName>&lt;Module&gt;</FullName>
          <Methods />
        </Class>
        <Class>
          <Summary numSequencePoints="21" visitedSequencePoints="0" numBranchPoints="5" visitedBranchPoints="0" sequenceCoverage="0" branchCoverage="0" maxCyclomaticComplexity="2" minCyclomaticComplexity="1" visitedClasses="0" numClasses="1" visitedMethods="0" numMethods="3" />
          <FullName>MultipleRegression.Core.MultipleRegressionSolver</FullName>
          <Methods>
            <Method visited="false" cyclomaticComplexity="1" nPathComplexity="0" sequenceCoverage="0" branchCoverage="0" isConstructor="true" isStatic="false" isGetter="false" isSetter="false">
              <Summary numSequencePoints="5" visitedSequencePoints="0" numBranchPoints="1" visitedBranchPoints="0" sequenceCoverage="0" branchCoverage="0" maxCyclomaticComplexity="1" minCyclomaticComplexity="1" visitedClasses="0" numClasses="0" visitedMethods="0" numMethods="1" />
              <MetadataToken>100663297</MetadataToken>
              <Name>System.Void MultipleRegression.Core.MultipleRegressionSolver::.ctor(MultipleRegression.Core.Factories.Interfaces.ISolutionMethodFactory,MultipleRegression.Core.Formatters.Interfaces.IDataTableFormatter)</Name>
              <FileRef uid="1" />
              <SequencePoints>
                <SequencePoint vc="0" uspid="1" ordinal="0" offset="0" sl="13" sc="9" el="13" ec="117" bec="0" bev="0" fileid="1" />
                <SequencePoint vc="0" uspid="2" ordinal="1" offset="7" sl="14" sc="9" el="14" ec="10" bec="0" bev="0" fileid="1" />
                <SequencePoint vc="0" uspid="3" ordinal="2" offset="8" sl="15" sc="13" el="15" ec="58" bec="0" bev="0" fileid="1" />
                <SequencePoint vc="0" uspid="4" ordinal="3" offset="15" sl="16" sc="13" el="16" ec="45" bec="0" bev="0" fileid="1" />
                <SequencePoint vc="0" uspid="5" ordinal="4" offset="22" sl="17" sc="9" el="17" ec="10" bec="0" bev="0" fileid="1" />
              </SequencePoints>
              <BranchPoints />
              <MethodPoint xsi:type="SequencePoint" vc="0" uspid="1" ordinal="0" offset="0" sl="13" sc="9" el="13" ec="117" bec="0" bev="0" fileid="1" />
            </Method>
            <Method visited="false" cyclomaticComplexity="1" nPathComplexity="0" sequenceCoverage="0" branchCoverage="0" isConstructor="false" isStatic="false" isGetter="false" isSetter="false">
              <Summary numSequencePoints="6" visitedSequencePoints="0" numBranchPoints="1" visitedBranchPoints="0" sequenceCoverage="0" branchCoverage="0" maxCyclomaticComplexity="1" minCyclomaticComplexity="1" visitedClasses="0" numClasses="0" visitedMethods="0" numMethods="1" />
              <MetadataToken>100663298</MetadataToken>
              <Name>System.Double[] MultipleRegression.Core.MultipleRegressionSolver::Solve(MultipleRegression.Core.SolutionMethods.SolutionMethodType,System.Collections.Generic.Dictionary`2&lt;System.String,System.Collections.Generic.List`1&lt;System.Double&gt;&gt;)</Name>
              <FileRef uid="1" />
              <SequencePoints>
                <SequencePoint vc="0" uspid="6" ordinal="0" offset="0" sl="20" sc="9" el="20" ec="10" bec="0" bev="0" fileid="1" />
                <SequencePoint vc="0" uspid="7" ordinal="1" offset="1" sl="21" sc="13" el="21" ec="69" bec="0" bev="0" fileid="1" />
                <SequencePoint vc="0" uspid="8" ordinal="2" offset="14" sl="22" sc="13" el="22" ec="81" bec="0" bev="0" fileid="1" />
                <SequencePoint vc="0" uspid="9" ordinal="3" offset="27" sl="23" sc="13" el="23" ec="53" bec="0" bev="0" fileid="1" />
                <SequencePoint vc="0" uspid="10" ordinal="4" offset="35" sl="25" sc="13" el="25" ec="33" bec="0" bev="0" fileid="1" />
                <SequencePoint vc="0" uspid="11" ordinal="5" offset="39" sl="26" sc="9" el="26" ec="10" bec="0" bev="0" fileid="1" />
              </SequencePoints>
              <BranchPoints />
              <MethodPoint xsi:type="SequencePoint" vc="0" uspid="6" ordinal="0" offset="0" sl="20" sc="9" el="20" ec="10" bec="0" bev="0" fileid="1" />
            </Method>
            <Method visited="false" cyclomaticComplexity="2" nPathComplexity="2" sequenceCoverage="0" branchCoverage="0" isConstructor="false" isStatic="false" isGetter="false" isSetter="false">
              <Summary numSequencePoints="10" visitedSequencePoints="0" numBranchPoints="3" visitedBranchPoints="0" sequenceCoverage="0" branchCoverage="0" maxCyclomaticComplexity="2" minCyclomaticComplexity="2" visitedClasses="0" numClasses="0" visitedMethods="0" numMethods="1" />
              <MetadataToken>100663299</MetadataToken>
              <Name>System.Double MultipleRegression.Core.MultipleRegressionSolver::Classify(System.Double[],System.Double[])</Name>
              <FileRef uid="1" />
              <SequencePoints>
                <SequencePoint vc="0" uspid="12" ordinal="0" offset="0" sl="29" sc="9" el="29" ec="10" bec="0" bev="0" fileid="1" />
                <SequencePoint vc="0" uspid="13" ordinal="1" offset="1" sl="30" sc="13" el="30" ec="51" bec="0" bev="0" fileid="1" />
                <SequencePoint vc="0" uspid="14" ordinal="2" offset="5" sl="32" sc="18" el="32" ec="27" bec="0" bev="0" fileid="1" />
                <SequencePoint vc="0" uspid="15" ordinal="3" offset="9" sl="33" sc="13" el="33" ec="14" bec="0" bev="0" fileid="1" />
                <SequencePoint vc="0" uspid="16" ordinal="4" offset="10" sl="34" sc="17" el="34" ec="64" bec="0" bev="0" fileid="1" />
                <SequencePoint vc="0" uspid="17" ordinal="5" offset="22" sl="35" sc="13" el="35" ec="14" bec="0" bev="0" fileid="1" />
                <SequencePoint vc="0" uspid="18" ordinal="6" offset="23" sl="32" sc="47" el="32" ec="50" bec="0" bev="0" fileid="1" />
                <SequencePoint vc="0" uspid="19" ordinal="7" offset="27" sl="32" sc="29" el="32" ec="45" bec="2" bev="0" fileid="1" />
                <SequencePoint vc="0" uspid="20" ordinal="8" offset="37" sl="37" sc="13" el="37" ec="27" bec="0" bev="0" fileid="1" />
                <SequencePoint vc="0" uspid="21" ordinal="9" offset="41" sl="38" sc="9" el="38" ec="10" bec="0" bev="0" fileid="1" />
              </SequencePoints>
              <BranchPoints>
                <BranchPoint vc="0" uspid="22" ordinal="0" offset="35" sl="32" path="0" offsetend="37" fileid="1" />
                <BranchPoint vc="0" uspid="23" ordinal="1" offset="35" sl="32" path="1" offsetend="9" fileid="1" />
              </BranchPoints>
              <MethodPoint xsi:type="SequencePoint" vc="0" uspid="12" ordinal="0" offset="0" sl="29" sc="9" el="29" ec="10" bec="0" bev="0" fileid="1" />
            </Method>
          </Methods>
        </Class>
        <Class>
          <Summary numSequencePoints="5" visitedSequencePoints="5" numBranchPoints="3" visitedBranchPoints="3" sequenceCoverage="100" branchCoverage="100" maxCyclomaticComplexity="2" minCyclomaticComplexity="1" visitedClasses="1" numClasses="1" visitedMethods="1" numMethods="1" />
          <FullName>MultipleRegression.Core.Factories.SolutionMethodFactory</FullName>
          <Methods>
            <Method visited="true" cyclomaticComplexity="2" nPathComplexity="2" sequenceCoverage="100" branchCoverage="100" isConstructor="false" isStatic="false" isGetter="false" isSetter="false">
              <Summary numSequencePoints="5" visitedSequencePoints="5" numBranchPoints="3" visitedBranchPoints="3" sequenceCoverage="100" branchCoverage="100" maxCyclomaticComplexity="2" minCyclomaticComplexity="2" visitedClasses="0" numClasses="0" visitedMethods="1" numMethods="1" />
              <MetadataToken>100663300</MetadataToken>
              <Name>MultipleRegression.Core.Interfaces.ISolutionMethod MultipleRegression.Core.Factories.SolutionMethodFactory::GetSolutionMethod(MultipleRegression.Core.SolutionMethods.SolutionMethodType)</Name>
              <FileRef uid="2" />
              <SequencePoints>
                <SequencePoint vc="2" uspid="24" ordinal="0" offset="0" sl="11" sc="9" el="11" ec="10" bec="0" bev="0" fileid="2" />
                <SequencePoint vc="2" uspid="25" ordinal="1" offset="1" sl="12" sc="13" el="12" ec="36" bec="2" bev="2" fileid="2" />
                <SequencePoint vc="1" uspid="26" ordinal="2" offset="9" sl="15" sc="21" el="15" ec="68" bec="0" bev="0" fileid="2" />
                <SequencePoint vc="1" uspid="27" ordinal="3" offset="17" sl="18" sc="21" el="18" ec="132" bec="0" bev="0" fileid="2" />
                <SequencePoint vc="1" uspid="28" ordinal="4" offset="39" sl="20" sc="9" el="20" ec="10" bec="0" bev="0" fileid="2" />
              </SequencePoints>
              <BranchPoints>
                <BranchPoint vc="1" uspid="29" ordinal="0" offset="5" sl="12" path="0" offsetchain="7" offsetend="17" fileid="2" />
                <BranchPoint vc="1" uspid="30" ordinal="1" offset="5" sl="12" path="1" offsetend="9" fileid="2" />
              </BranchPoints>
              <MethodPoint xsi:type="SequencePoint" vc="2" uspid="24" ordinal="0" offset="0" sl="11" sc="9" el="11" ec="10" bec="0" bev="0" fileid="2" />
            </Method>
            <Method visited="true" cyclomaticComplexity="1" nPathComplexity="0" sequenceCoverage="0" branchCoverage="0" isConstructor="true" isStatic="false" isGetter="false" isSetter="false">
              <Summary numSequencePoints="0" visitedSequencePoints="0" numBranchPoints="0" visitedBranchPoints="0" sequenceCoverage="0" branchCoverage="0" maxCyclomaticComplexity="1" minCyclomaticComplexity="1" visitedClasses="0" numClasses="0" visitedMethods="0" numMethods="0" />
              <MetadataToken>100663301</MetadataToken>
              <Name>System.Void MultipleRegression.Core.Factories.SolutionMethodFactory::.ctor()</Name>
              <SequencePoints />
              <BranchPoints />
              <MethodPoint vc="2" uspid="31" ordinal="0" offset="0" />
            </Method>
          </Methods>
        </Class>
        <Class>
          <Summary numSequencePoints="94" visitedSequencePoints="82" numBranchPoints="26" visitedBranchPoints="22" sequenceCoverage="87.23" branchCoverage="84.62" maxCyclomaticComplexity="7" minCyclomaticComplexity="1" visitedClasses="1" numClasses="1" visitedMethods="3" numMethods="4" />
          <FullName>MultipleRegression.Core.Formatters.DataTableFormatter</FullName>
          <Methods>
            <Method visited="true" cyclomaticComplexity="7" nPathComplexity="32" sequenceCoverage="100" branchCoverage="100" isConstructor="false" isStatic="false" isGetter="false" isSetter="false">
              <Summary numSequencePoints="51" visitedSequencePoints="51" numBranchPoints="11" visitedBranchPoints="11" sequenceCoverage="100" branchCoverage="100" maxCyclomaticComplexity="7" minCyclomaticComplexity="7" visitedClasses="0" numClasses="0" visitedMethods="1" numMethods="1" />
              <MetadataToken>100663304</MetadataToken>
              <Name>System.Double[0...,0...] MultipleRegression.Core.Formatters.DataTableFormatter::Format(System.Collections.Generic.Dictionary`2&lt;System.String,System.Collections.Generic.List`1&lt;System.Double&gt;&gt;)</Name>
              <FileRef uid="3" />
              <SequencePoints>
                <SequencePoint vc="5" uspid="32" ordinal="0" offset="0" sl="11" sc="9" el="11" ec="10" bec="0" bev="0" fileid="3" />
                <SequencePoint vc="5" uspid="33" ordinal="1" offset="1" sl="12" sc="13" el="12" ec="53" bec="0" bev="0" fileid="3" />
                <SequencePoint vc="1" uspid="34" ordinal="2" offset="9" sl="14" sc="13" el="14" ec="59" bec="0" bev="0" fileid="3" />
                <SequencePoint vc="1" uspid="35" ordinal="3" offset="21" sl="15" sc="13" el="15" ec="57" bec="0" bev="0" fileid="3" />
                <SequencePoint vc="1" uspid="36" ordinal="4" offset="28" sl="16" sc="13" el="16" ec="68" bec="0" bev="0" fileid="3" />
                <SequencePoint vc="1" uspid="37" ordinal="5" offset="49" sl="18" sc="13" el="18" ec="45" bec="0" bev="0" fileid="3" />
                <SequencePoint vc="1" uspid="38" ordinal="6" offset="51" sl="19" sc="13" el="19" ec="49" bec="0" bev="0" fileid="3" />
                <SequencePoint vc="1" uspid="39" ordinal="7" offset="56" sl="21" sc="13" el="21" ec="70" bec="0" bev="0" fileid="3" />
                <SequencePoint vc="1" uspid="40" ordinal="8" offset="66" sl="24" sc="13" el="24" ec="58" bec="0" bev="0" fileid="3" />
                <SequencePoint vc="1" uspid="41" ordinal="9" offset="77" sl="25" sc="18" el="25" ec="29" bec="0" bev="0" fileid="3" />
                <SequencePoint vc="1" uspid="42" ordinal="10" offset="80" sl="25" sc="31" el="25" ec="38" bec="0" bev="0" fileid="3" />
                <SequencePoint vc="4" uspid="43" ordinal="11" offset="85" sl="26" sc="13" el="26" ec="14" bec="0" bev="0" fileid="3" />
                <SequencePoint vc="4" uspid="44" ordinal="12" offset="86" sl="27" sc="17" el="27" ec="40" bec="0" bev="0" fileid="3" />
                <SequencePoint vc="4" uspid="45" ordinal="13" offset="92" sl="28" sc="17" el="28" ec="63" bec="0" bev="0" fileid="3" />
                <SequencePoint vc="4" uspid="46" ordinal="14" offset="102" sl="29" sc="17" el="29" ec="64" bec="0" bev="0" fileid="3" />
                <SequencePoint vc="4" uspid="47" ordinal="15" offset="112" sl="30" sc="17" el="30" ec="58" bec="0" bev="0" fileid="3" />
                <SequencePoint vc="4" uspid="48" ordinal="16" offset="121" sl="31" sc="17" el="31" ec="60" bec="0" bev="0" fileid="3" />
                <SequencePoint vc="4" uspid="49" ordinal="17" offset="134" sl="32" sc="13" el="32" ec="14" bec="0" bev="0" fileid="3" />
                <SequencePoint vc="4" uspid="50" ordinal="18" offset="135" sl="25" sc="57" el="25" ec="62" bec="0" bev="0" fileid="3" />
                <SequencePoint vc="5" uspid="51" ordinal="19" offset="141" sl="25" sc="40" el="25" ec="55" bec="2" bev="2" fileid="3" />
                <SequencePoint vc="1" uspid="52" ordinal="20" offset="153" sl="35" sc="18" el="35" ec="29" bec="0" bev="0" fileid="3" />
                <SequencePoint vc="1" uspid="53" ordinal="21" offset="156" sl="35" sc="31" el="35" ec="38" bec="0" bev="0" fileid="3" />
                <SequencePoint vc="3" uspid="54" ordinal="22" offset="161" sl="36" sc="13" el="36" ec="14" bec="0" bev="0" fileid="3" />
                <SequencePoint vc="3" uspid="55" ordinal="23" offset="162" sl="37" sc="17" el="37" ec="75" bec="0" bev="0" fileid="3" />
                <SequencePoint vc="3" uspid="56" ordinal="24" offset="184" sl="38" sc="13" el="38" ec="14" bec="0" bev="0" fileid="3" />
                <SequencePoint vc="3" uspid="57" ordinal="25" offset="185" sl="35" sc="57" el="35" ec="62" bec="0" bev="0" fileid="3" />
                <SequencePoint vc="4" uspid="58" ordinal="26" offset="191" sl="35" sc="40" el="35" ec="55" bec="2" bev="2" fileid="3" />
                <SequencePoint vc="1" uspid="59" ordinal="27" offset="202" sl="41" sc="18" el="41" ec="29" bec="0" bev="0" fileid="3" />
                <SequencePoint vc="3" uspid="60" ordinal="28" offset="210" sl="42" sc="13" el="42" ec="14" bec="0" bev="0" fileid="3" />
                <SequencePoint vc="3" uspid="61" ordinal="29" offset="211" sl="43" sc="22" el="43" ec="33" bec="0" bev="0" fileid="3" />
                <SequencePoint vc="12" uspid="62" ordinal="30" offset="219" sl="44" sc="17" el="44" ec="18" bec="0" bev="0" fileid="3" />
                <SequencePoint vc="12" uspid="63" ordinal="31" offset="220" sl="45" sc="21" el="45" ec="36" bec="2" bev="2" fileid="3" />
                <SequencePoint vc="3" uspid="64" ordinal="32" offset="232" sl="46" sc="21" el="46" ec="22" bec="0" bev="0" fileid="3" />
                <SequencePoint vc="3" uspid="65" ordinal="33" offset="233" sl="47" sc="25" el="47" ec="70" bec="0" bev="0" fileid="3" />
                <SequencePoint vc="3" uspid="66" ordinal="34" offset="245" sl="48" sc="25" el="48" ec="85" bec="0" bev="0" fileid="3" />
                <SequencePoint vc="3" uspid="67" ordinal="35" offset="291" sl="49" sc="25" el="49" ec="68" bec="0" bev="0" fileid="3" />
                <SequencePoint vc="3" uspid="68" ordinal="36" offset="304" sl="50" sc="21" el="50" ec="22" bec="0" bev="0" fileid="3" />
                <SequencePoint vc="9" uspid="69" ordinal="37" offset="307" sl="52" sc="21" el="52" ec="22" bec="0" bev="0" fileid="3" />
                <SequencePoint vc="9" uspid="70" ordinal="38" offset="308" sl="53" sc="25" el="53" ec="75" bec="0" bev="0" fileid="3" />
                <SequencePoint vc="9" uspid="71" ordinal="39" offset="320" sl="54" sc="25" el="54" ec="76" bec="0" bev="0" fileid="3" />
                <SequencePoint vc="9" uspid="72" ordinal="40" offset="332" sl="55" sc="25" el="58" ec="65" bec="0" bev="0" fileid="3" />
                <SequencePoint vc="9" uspid="73" ordinal="41" offset="356" sl="59" sc="25" el="59" ec="85" bec="0" bev="0" fileid="3" />
                <SequencePoint vc="9" uspid="74" ordinal="42" offset="369" sl="60" sc="21" el="60" ec="22" bec="0" bev="0" fileid="3" />
                <SequencePoint vc="12" uspid="75" ordinal="43" offset="370" sl="61" sc="17" el="61" ec="18" bec="0" bev="0" fileid="3" />
                <SequencePoint vc="12" uspid="76" ordinal="44" offset="371" sl="43" sc="52" el="43" ec="57" bec="0" bev="0" fileid="3" />
                <SequencePoint vc="15" uspid="77" ordinal="45" offset="377" sl="43" sc="35" el="43" ec="50" bec="2" bev="2" fileid="3" />
                <SequencePoint vc="3" uspid="78" ordinal="46" offset="392" sl="62" sc="13" el="62" ec="14" bec="0" bev="0" fileid="3" />
                <SequencePoint vc="3" uspid="79" ordinal="47" offset="393" sl="41" sc="48" el="41" ec="53" bec="0" bev="0" fileid="3" />
                <SequencePoint vc="4" uspid="80" ordinal="48" offset="399" sl="41" sc="31" el="41" ec="46" bec="2" bev="2" fileid="3" />
                <SequencePoint vc="1" uspid="81" ordinal="49" offset="413" sl="64" sc="13" el="64" ec="38" bec="0" bev="0" fileid="3" />
                <SequencePoint vc="1" uspid="82" ordinal="50" offset="419" sl="65" sc="9" el="65" ec="10" bec="0" bev="0" fileid="3" />
              </SequencePoints>
              <BranchPoints>
                <BranchPoint vc="1" uspid="83" ordinal="0" offset="151" sl="25" path="0" offsetend="153" fileid="3" />
                <BranchPoint vc="4" uspid="84" ordinal="1" offset="151" sl="25" path="1" offsetend="85" fileid="3" />
                <BranchPoint vc="1" uspid="85" ordinal="2" offset="200" sl="35" path="0" offsetend="202" fileid="3" />
                <BranchPoint vc="3" uspid="86" ordinal="3" offset="200" sl="35" path="1" offsetend="161" fileid="3" />
                <BranchPoint vc="3" uspid="87" ordinal="4" offset="230" sl="45" path="0" offsetend="232" fileid="3" />
                <BranchPoint vc="9" uspid="88" ordinal="5" offset="230" sl="45" path="1" offsetend="307" fileid="3" />
                <BranchPoint vc="3" uspid="91" ordinal="8" offset="387" sl="43" path="0" offsetend="392" fileid="3" />
                <BranchPoint vc="12" uspid="92" ordinal="9" offset="387" sl="43" path="1" offsetend="219" fileid="3" />
                <BranchPoint vc="1" uspid="93" ordinal="10" offset="408" sl="41" path="0" offsetend="413" fileid="3" />
                <BranchPoint vc="3" uspid="94" ordinal="11" offset="408" sl="41" path="1" offsetend="210" fileid="3" />
              </BranchPoints>
              <MethodPoint xsi:type="SequencePoint" vc="5" uspid="32" ordinal="0" offset="0" sl="11" sc="9" el="11" ec="10" bec="0" bev="0" fileid="3" />
            </Method>
            <Method visited="true" cyclomaticComplexity="7" nPathComplexity="8" sequenceCoverage="100" branchCoverage="100" isConstructor="false" isStatic="false" isGetter="false" isSetter="false">
              <Summary numSequencePoints="18" visitedSequencePoints="18" numBranchPoints="7" visitedBranchPoints="7" sequenceCoverage="100" branchCoverage="100" maxCyclomaticComplexity="7" minCyclomaticComplexity="7" visitedClasses="0" numClasses="0" visitedMethods="1" numMethods="1" />
              <MetadataToken>100663305</MetadataToken>
              <Name>System.Void MultipleRegression.Core.Formatters.DataTableFormatter::ValidateFormatArguments(System.Collections.Generic.Dictionary`2&lt;System.String,System.Collections.Generic.List`1&lt;System.Double&gt;&gt;)</Name>
              <FileRef uid="3" />
              <SequencePoints>
                <SequencePoint vc="5" uspid="95" ordinal="0" offset="0" sl="68" sc="9" el="68" ec="10" bec="0" bev="0" fileid="3" />
                <SequencePoint vc="5" uspid="96" ordinal="1" offset="1" sl="69" sc="13" el="70" ec="70" bec="2" bev="2" fileid="3" />
                <SequencePoint vc="2" uspid="97" ordinal="2" offset="48" sl="71" sc="13" el="71" ec="14" bec="0" bev="0" fileid="3" />
                <SequencePoint vc="2" uspid="98" ordinal="3" offset="49" sl="72" sc="17" el="72" ec="106" bec="0" bev="0" fileid="3" />
                <SequencePoint vc="3" uspid="99" ordinal="4" offset="60" sl="75" sc="13" el="75" ec="38" bec="2" bev="2" fileid="3" />
                <SequencePoint vc="1" uspid="100" ordinal="5" offset="73" sl="76" sc="13" el="76" ec="14" bec="0" bev="0" fileid="3" />
                <SequencePoint vc="1" uspid="101" ordinal="6" offset="74" sl="77" sc="17" el="77" ec="116" bec="0" bev="0" fileid="3" />
                <SequencePoint vc="2" uspid="102" ordinal="7" offset="85" sl="80" sc="13" el="80" ec="73" bec="0" bev="0" fileid="3" />
                <SequencePoint vc="2" uspid="103" ordinal="8" offset="105" sl="82" sc="13" el="82" ec="20" bec="0" bev="0" fileid="3" />
                <SequencePoint vc="2" uspid="104" ordinal="9" offset="106" sl="82" sc="33" el="82" ec="42" bec="0" bev="0" fileid="3" />
                <SequencePoint vc="6" uspid="105" ordinal="10" offset="116" sl="82" sc="22" el="82" ec="29" bec="0" bev="0" fileid="3" />
                <SequencePoint vc="6" uspid="106" ordinal="11" offset="125" sl="83" sc="13" el="83" ec="14" bec="0" bev="0" fileid="3" />
                <SequencePoint vc="6" uspid="107" ordinal="12" offset="126" sl="84" sc="17" el="84" ec="55" bec="2" bev="2" fileid="3" />
                <SequencePoint vc="1" uspid="108" ordinal="13" offset="150" sl="85" sc="17" el="85" ec="18" bec="0" bev="0" fileid="3" />
                <SequencePoint vc="1" uspid="109" ordinal="14" offset="151" sl="86" sc="21" el="86" ec="114" bec="0" bev="0" fileid="3" />
                <SequencePoint vc="5" uspid="110" ordinal="15" offset="162" sl="88" sc="13" el="88" ec="14" bec="0" bev="0" fileid="3" />
                <SequencePoint vc="7" uspid="111" ordinal="16" offset="163" sl="82" sc="30" el="82" ec="32" bec="0" bev="0" fileid="3" />
                <SequencePoint vc="1" uspid="112" ordinal="17" offset="189" sl="89" sc="9" el="89" ec="10" bec="0" bev="0" fileid="3" />
              </SequencePoints>
              <BranchPoints>
                <BranchPoint vc="2" uspid="117" ordinal="4" offset="46" sl="69" path="0" offsetend="48" fileid="3" />
                <BranchPoint vc="3" uspid="118" ordinal="5" offset="46" sl="69" path="1" offsetend="60" fileid="3" />
                <BranchPoint vc="1" uspid="119" ordinal="6" offset="71" sl="75" path="0" offsetend="73" fileid="3" />
                <BranchPoint vc="2" uspid="120" ordinal="7" offset="71" sl="75" path="1" offsetend="85" fileid="3" />
                <BranchPoint vc="1" uspid="121" ordinal="8" offset="148" sl="84" path="0" offsetend="150" fileid="3" />
                <BranchPoint vc="5" uspid="122" ordinal="9" offset="148" sl="84" path="1" offsetend="162" fileid="3" />
              </BranchPoints>
              <MethodPoint xsi:type="SequencePoint" vc="5" uspid="95" ordinal="0" offset="0" sl="68" sc="9" el="68" ec="10" bec="0" bev="0" fileid="3" />
            </Method>
            <Method visited="true" cyclomaticComplexity="3" nPathComplexity="4" sequenceCoverage="86.67" branchCoverage="80" isConstructor="false" isStatic="false" isGetter="false" isSetter="false">
              <Summary numSequencePoints="15" visitedSequencePoints="13" numBranchPoints="5" visitedBranchPoints="4" sequenceCoverage="86.67" branchCoverage="80" maxCyclomaticComplexity="3" minCyclomaticComplexity="3" visitedClasses="0" numClasses="0" visitedMethods="1" numMethods="1" />
              <MetadataToken>100663306</MetadataToken>
              <Name>System.Double MultipleRegression.Core.Formatters.DataTableFormatter::SumOfMultiplications(System.Collections.Generic.List`1&lt;System.Double&gt;,System.Collections.Generic.List`1&lt;System.Double&gt;)</Name>
              <FileRef uid="3" />
              <SequencePoints>
                <SequencePoint vc="9" uspid="125" ordinal="0" offset="0" sl="92" sc="9" el="92" ec="10" bec="0" bev="0" fileid="3" />
                <SequencePoint vc="9" uspid="126" ordinal="1" offset="1" sl="93" sc="13" el="93" ec="53" bec="2" bev="1" fileid="3" />
                <SequencePoint vc="0" uspid="127" ordinal="2" offset="22" sl="94" sc="13" el="94" ec="14" bec="0" bev="0" fileid="3" />
                <SequencePoint vc="0" uspid="128" ordinal="3" offset="23" sl="95" sc="17" el="95" ec="110" bec="0" bev="0" fileid="3" />
                <SequencePoint vc="9" uspid="129" ordinal="4" offset="34" sl="98" sc="13" el="98" ec="31" bec="0" bev="0" fileid="3" />
                <SequencePoint vc="9" uspid="130" ordinal="5" offset="44" sl="101" sc="13" el="101" ec="14" bec="0" bev="0" fileid="3" />
                <SequencePoint vc="9" uspid="131" ordinal="6" offset="45" sl="102" sc="22" el="102" ec="31" bec="0" bev="0" fileid="3" />
                <SequencePoint vc="54" uspid="132" ordinal="7" offset="49" sl="103" sc="17" el="103" ec="18" bec="0" bev="0" fileid="3" />
                <SequencePoint vc="54" uspid="133" ordinal="8" offset="50" sl="104" sc="21" el="104" ec="60" bec="0" bev="0" fileid="3" />
                <SequencePoint vc="54" uspid="134" ordinal="9" offset="68" sl="105" sc="17" el="105" ec="18" bec="0" bev="0" fileid="3" />
                <SequencePoint vc="54" uspid="135" ordinal="10" offset="69" sl="102" sc="54" el="102" ec="57" bec="0" bev="0" fileid="3" />
                <SequencePoint vc="63" uspid="136" ordinal="11" offset="73" sl="102" sc="33" el="102" ec="52" bec="2" bev="2" fileid="3" />
                <SequencePoint vc="9" uspid="137" ordinal="12" offset="86" sl="106" sc="13" el="106" ec="14" bec="0" bev="0" fileid="3" />
                <SequencePoint vc="9" uspid="138" ordinal="13" offset="87" sl="108" sc="13" el="108" ec="27" bec="0" bev="0" fileid="3" />
                <SequencePoint vc="9" uspid="139" ordinal="14" offset="92" sl="109" sc="9" el="109" ec="10" bec="0" bev="0" fileid="3" />
              </SequencePoints>
              <BranchPoints>
                <BranchPoint vc="0" uspid="140" ordinal="0" offset="20" sl="93" path="0" offsetend="22" fileid="3" />
                <BranchPoint vc="9" uspid="141" ordinal="1" offset="20" sl="93" path="1" offsetend="34" fileid="3" />
                <BranchPoint vc="9" uspid="142" ordinal="2" offset="84" sl="102" path="0" offsetend="86" fileid="3" />
                <BranchPoint vc="54" uspid="143" ordinal="3" offset="84" sl="102" path="1" offsetend="49" fileid="3" />
              </BranchPoints>
              <MethodPoint xsi:type="SequencePoint" vc="9" uspid="125" ordinal="0" offset="0" sl="92" sc="9" el="92" ec="10" bec="0" bev="0" fileid="3" />
            </Method>
            <Method visited="false" cyclomaticComplexity="2" nPathComplexity="2" sequenceCoverage="0" branchCoverage="0" isConstructor="false" isStatic="false" isGetter="false" isSetter="false">
              <Summary numSequencePoints="10" visitedSequencePoints="0" numBranchPoints="3" visitedBranchPoints="0" sequenceCoverage="0" branchCoverage="0" maxCyclomaticComplexity="2" minCyclomaticComplexity="2" visitedClasses="0" numClasses="0" visitedMethods="0" numMethods="1" />
              <MetadataToken>100663307</MetadataToken>
              <Name>System.Double MultipleRegression.Core.Formatters.DataTableFormatter::SumElements(System.Collections.Generic.List`1&lt;System.Double&gt;)</Name>
              <FileRef uid="3" />
              <SequencePoints>
                <SequencePoint vc="0" uspid="144" ordinal="0" offset="0" sl="112" sc="9" el="112" ec="10" bec="0" bev="0" fileid="3" />
                <SequencePoint vc="0" uspid="145" ordinal="1" offset="1" sl="113" sc="13" el="113" ec="39" bec="0" bev="0" fileid="3" />
                <SequencePoint vc="0" uspid="146" ordinal="2" offset="11" sl="115" sc="18" el="115" ec="27" bec="0" bev="0" fileid="3" />
                <SequencePoint vc="0" uspid="147" ordinal="3" offset="15" sl="116" sc="13" el="116" ec="14" bec="0" bev="0" fileid="3" />
                <SequencePoint vc="0" uspid="148" ordinal="4" offset="16" sl="117" sc="17" el="117" ec="32" bec="0" bev="0" fileid="3" />
                <SequencePoint vc="0" uspid="149" ordinal="5" offset="26" sl="118" sc="13" el="118" ec="14" bec="0" bev="0" fileid="3" />
                <SequencePoint vc="0" uspid="150" ordinal="6" offset="27" sl="115" sc="45" el="115" ec="48" bec="0" bev="0" fileid="3" />
                <SequencePoint vc="0" uspid="151" ordinal="7" offset="31" sl="115" sc="29" el="115" ec="43" bec="2" bev="0" fileid="3" />
                <SequencePoint vc="0" uspid="152" ordinal="8" offset="44" sl="120" sc="13" el="120" ec="24" bec="0" bev="0" fileid="3" />
                <SequencePoint vc="0" uspid="153" ordinal="9" offset="48" sl="121" sc="9" el="121" ec="10" bec="0" bev="0" fileid="3" />
              </SequencePoints>
              <BranchPoints>
                <BranchPoint vc="0" uspid="154" ordinal="0" offset="42" sl="115" path="0" offsetend="44" fileid="3" />
                <BranchPoint vc="0" uspid="155" ordinal="1" offset="42" sl="115" path="1" offsetend="15" fileid="3" />
              </BranchPoints>
              <MethodPoint xsi:type="SequencePoint" vc="0" uspid="144" ordinal="0" offset="0" sl="112" sc="9" el="112" ec="10" bec="0" bev="0" fileid="3" />
            </Method>
            <Method visited="true" cyclomaticComplexity="1" nPathComplexity="0" sequenceCoverage="0" branchCoverage="0" isConstructor="true" isStatic="false" isGetter="false" isSetter="false">
              <Summary numSequencePoints="0" visitedSequencePoints="0" numBranchPoints="0" visitedBranchPoints="0" sequenceCoverage="0" branchCoverage="0" maxCyclomaticComplexity="1" minCyclomaticComplexity="1" visitedClasses="0" numClasses="0" visitedMethods="0" numMethods="0" />
              <MetadataToken>100663308</MetadataToken>
              <Name>System.Void MultipleRegression.Core.Formatters.DataTableFormatter::.ctor()</Name>
              <SequencePoints />
              <BranchPoints />
              <MethodPoint vc="5" uspid="156" ordinal="0" offset="0" />
            </Method>
          </Methods>
        </Class>
        <Class>
          <Summary numSequencePoints="2" visitedSequencePoints="2" numBranchPoints="2" visitedBranchPoints="2" sequenceCoverage="100" branchCoverage="100" maxCyclomaticComplexity="2" minCyclomaticComplexity="1" visitedClasses="1" numClasses="1" visitedMethods="2" numMethods="2" />
          <FullName>MultipleRegression.Core.Formatters.DataTableFormatter/&lt;&gt;c</FullName>
          <Methods>
            <Method visited="true" cyclomaticComplexity="1" nPathComplexity="0" sequenceCoverage="0" branchCoverage="0" isConstructor="true" isStatic="true" isGetter="false" isSetter="false">
              <Summary numSequencePoints="0" visitedSequencePoints="0" numBranchPoints="0" visitedBranchPoints="0" sequenceCoverage="0" branchCoverage="0" maxCyclomaticComplexity="1" minCyclomaticComplexity="1" visitedClasses="0" numClasses="0" visitedMethods="0" numMethods="0" />
              <MetadataToken>100663324</MetadataToken>
              <Name>System.Void MultipleRegression.Core.Formatters.DataTableFormatter/&lt;&gt;c::.cctor()</Name>
              <SequencePoints />
              <BranchPoints />
              <MethodPoint vc="1" uspid="157" ordinal="0" offset="0" />
            </Method>
            <Method visited="true" cyclomaticComplexity="1" nPathComplexity="0" sequenceCoverage="0" branchCoverage="0" isConstructor="true" isStatic="false" isGetter="false" isSetter="false">
              <Summary numSequencePoints="0" visitedSequencePoints="0" numBranchPoints="0" visitedBranchPoints="0" sequenceCoverage="0" branchCoverage="0" maxCyclomaticComplexity="1" minCyclomaticComplexity="1" visitedClasses="0" numClasses="0" visitedMethods="0" numMethods="0" />
              <MetadataToken>100663325</MetadataToken>
              <Name>System.Void MultipleRegression.Core.Formatters.DataTableFormatter/&lt;&gt;c::.ctor()</Name>
              <SequencePoints />
              <BranchPoints />
              <MethodPoint vc="1" uspid="158" ordinal="0" offset="0" />
            </Method>
            <Method visited="true" cyclomaticComplexity="1" nPathComplexity="0" sequenceCoverage="100" branchCoverage="100" isConstructor="false" isStatic="false" isGetter="false" isSetter="false">
              <Summary numSequencePoints="1" visitedSequencePoints="1" numBranchPoints="1" visitedBranchPoints="1" sequenceCoverage="100" branchCoverage="100" maxCyclomaticComplexity="1" minCyclomaticComplexity="1" visitedClasses="0" numClasses="0" visitedMethods="1" numMethods="1" />
              <MetadataToken>100663326</MetadataToken>
              <Name>System.Double MultipleRegression.Core.Formatters.DataTableFormatter/&lt;&gt;c::&lt;Format&gt;b__0_0(System.Double)</Name>
              <FileRef uid="3" />
              <SequencePoints>
                <SequencePoint vc="18" uspid="159" ordinal="0" offset="0" sl="48" sc="78" el="48" ec="83" bec="0" bev="0" fileid="3" />
              </SequencePoints>
              <BranchPoints />
              <MethodPoint xsi:type="SequencePoint" vc="18" uspid="159" ordinal="0" offset="0" sl="48" sc="78" el="48" ec="83" bec="0" bev="0" fileid="3" />
            </Method>
            <Method visited="true" cyclomaticComplexity="2" nPathComplexity="0" sequenceCoverage="100" branchCoverage="100" isConstructor="false" isStatic="false" isGetter="false" isSetter="false">
              <Summary numSequencePoints="1" visitedSequencePoints="1" numBranchPoints="1" visitedBranchPoints="1" sequenceCoverage="100" branchCoverage="100" maxCyclomaticComplexity="2" minCyclomaticComplexity="2" visitedClasses="0" numClasses="0" visitedMethods="1" numMethods="1" />
              <MetadataToken>100663327</MetadataToken>
              <Name>System.Boolean MultipleRegression.Core.Formatters.DataTableFormatter/&lt;&gt;c::&lt;ValidateFormatArguments&gt;b__1_0(System.Collections.Generic.KeyValuePair`2&lt;System.String,System.Collections.Generic.List`1&lt;System.Double&gt;&gt;)</Name>
              <FileRef uid="3" />
              <SequencePoints>
                <SequencePoint vc="13" uspid="160" ordinal="0" offset="0" sl="70" sc="36" el="70" ec="68" bec="0" bev="0" fileid="3" />
              </SequencePoints>
              <BranchPoints />
              <MethodPoint xsi:type="SequencePoint" vc="13" uspid="160" ordinal="0" offset="0" sl="70" sc="36" el="70" ec="68" bec="0" bev="0" fileid="3" />
            </Method>
          </Methods>
        </Class>
        <Class>
          <Summary numSequencePoints="95" visitedSequencePoints="91" numBranchPoints="32" visitedBranchPoints="27" sequenceCoverage="95.79" branchCoverage="84.38" maxCyclomaticComplexity="5" minCyclomaticComplexity="1" visitedClasses="1" numClasses="1" visitedMethods="8" numMethods="8" />
          <FullName>MultipleRegression.Core.SolutionMethods.GaussianEliminationSolutionMethod</FullName>
          <Methods>
            <Method visited="true" cyclomaticComplexity="1" nPathComplexity="0" sequenceCoverage="100" branchCoverage="100" isConstructor="false" isStatic="false" isGetter="false" isSetter="false">
              <Summary numSequencePoints="6" visitedSequencePoints="6" numBranchPoints="1" visitedBranchPoints="1" sequenceCoverage="100" branchCoverage="100" maxCyclomaticComplexity="1" minCyclomaticComplexity="1" visitedClasses="0" numClasses="0" visitedMethods="1" numMethods="1" />
              <MetadataToken>100663310</MetadataToken>
              <Name>System.Double[] MultipleRegression.Core.SolutionMethods.GaussianEliminationSolutionMethod::Solve(System.Double[0...,0...])</Name>
              <FileRef uid="5" />
              <SequencePoints>
                <SequencePoint vc="4" uspid="163" ordinal="0" offset="0" sl="11" sc="9" el="11" ec="10" bec="0" bev="0" fileid="5" />
                <SequencePoint vc="4" uspid="164" ordinal="1" offset="1" sl="12" sc="13" el="12" ec="60" bec="0" bev="0" fileid="5" />
                <SequencePoint vc="3" uspid="165" ordinal="2" offset="9" sl="14" sc="13" el="14" ec="49" bec="0" bev="0" fileid="5" />
                <SequencePoint vc="3" uspid="166" ordinal="3" offset="17" sl="15" sc="13" el="15" ec="76" bec="0" bev="0" fileid="5" />
                <SequencePoint vc="3" uspid="167" ordinal="4" offset="25" sl="17" sc="13" el="17" ec="33" bec="0" bev="0" fileid="5" />
                <SequencePoint vc="3" uspid="168" ordinal="5" offset="29" sl="18" sc="9" el="18" ec="10" bec="0" bev="0" fileid="5" />
              </SequencePoints>
              <BranchPoints />
              <MethodPoint xsi:type="SequencePoint" vc="4" uspid="163" ordinal="0" offset="0" sl="11" sc="9" el="11" ec="10" bec="0" bev="0" fileid="5" />
            </Method>
            <Method visited="true" cyclomaticComplexity="2" nPathComplexity="2" sequenceCoverage="100" branchCoverage="100" isConstructor="false" isStatic="false" isGetter="false" isSetter="false">
              <Summary numSequencePoints="8" visitedSequencePoints="8" numBranchPoints="3" visitedBranchPoints="3" sequenceCoverage="100" branchCoverage="100" maxCyclomaticComplexity="2" minCyclomaticComplexity="2" visitedClasses="0" numClasses="0" visitedMethods="1" numMethods="1" />
              <MetadataToken>100663311</MetadataToken>
              <Name>System.Void MultipleRegression.Core.SolutionMethods.GaussianEliminationSolutionMethod::ValidateSolveArguments(System.Double[0...,0...])</Name>
              <FileRef uid="5" />
              <SequencePoints>
                <SequencePoint vc="4" uspid="169" ordinal="0" offset="0" sl="21" sc="9" el="21" ec="10" bec="0" bev="0" fileid="5" />
                <SequencePoint vc="4" uspid="170" ordinal="1" offset="1" sl="22" sc="13" el="22" ec="43" bec="2" bev="2" fileid="5" />
                <SequencePoint vc="1" uspid="171" ordinal="2" offset="9" sl="23" sc="13" el="23" ec="14" bec="0" bev="0" fileid="5" />
                <SequencePoint vc="1" uspid="172" ordinal="3" offset="10" sl="24" sc="17" el="24" ec="67" bec="0" bev="0" fileid="5" />
                <SequencePoint vc="1" uspid="173" ordinal="4" offset="16" sl="25" sc="17" el="25" ec="64" bec="0" bev="0" fileid="5" />
                <SequencePoint vc="1" uspid="174" ordinal="5" offset="32" sl="26" sc="17" el="26" ec="123" bec="0" bev="0" fileid="5" />
                <SequencePoint vc="1" uspid="175" ordinal="6" offset="45" sl="28" sc="17" el="28" ec="86" bec="0" bev="0" fileid="5" />
                <SequencePoint vc="3" uspid="176" ordinal="7" offset="53" sl="30" sc="9" el="30" ec="10" bec="0" bev="0" fileid="5" />
              </SequencePoints>
              <BranchPoints>
                <BranchPoint vc="1" uspid="177" ordinal="0" offset="7" sl="22" path="0" offsetend="9" fileid="5" />
                <BranchPoint vc="3" uspid="178" ordinal="1" offset="7" sl="22" path="1" offsetend="53" fileid="5" />
              </BranchPoints>
              <MethodPoint xsi:type="SequencePoint" vc="4" uspid="169" ordinal="0" offset="0" sl="21" sc="9" el="21" ec="10" bec="0" bev="0" fileid="5" />
            </Method>
            <Method visited="true" cyclomaticComplexity="5" nPathComplexity="8" sequenceCoverage="100" branchCoverage="100" isConstructor="false" isStatic="false" isGetter="false" isSetter="false">
              <Summary numSequencePoints="35" visitedSequencePoints="35" numBranchPoints="7" visitedBranchPoints="7" sequenceCoverage="100" branchCoverage="100" maxCyclomaticComplexity="5" minCyclomaticComplexity="5" visitedClasses="0" numClasses="0" visitedMethods="1" numMethods="1" />
              <MetadataToken>100663312</MetadataToken>
              <Name>System.Void MultipleRegression.Core.SolutionMethods.GaussianEliminationSolutionMethod::SolveSystem(System.Double[0...,0...])</Name>
              <FileRef uid="5" />
              <SequencePoints>
                <SequencePoint vc="3" uspid="179" ordinal="0" offset="0" sl="33" sc="9" el="33" ec="10" bec="0" bev="0" fileid="5" />
                <SequencePoint vc="3" uspid="180" ordinal="1" offset="1" sl="34" sc="13" el="34" ec="60" bec="0" bev="0" fileid="5" />
                <SequencePoint vc="3" uspid="181" ordinal="2" offset="9" sl="35" sc="13" el="35" ec="60" bec="0" bev="0" fileid="5" />
                <SequencePoint vc="3" uspid="182" ordinal="3" offset="17" sl="37" sc="18" el="37" ec="36" bec="0" bev="0" fileid="5" />
                <SequencePoint vc="11" uspid="183" ordinal="4" offset="24" sl="38" sc="13" el="38" ec="14" bec="0" bev="0" fileid="5" />
                <SequencePoint vc="11" uspid="184" ordinal="5" offset="25" sl="39" sc="17" el="39" ec="76" bec="0" bev="0" fileid="5" />
                <SequencePoint vc="11" uspid="185" ordinal="6" offset="38" sl="40" sc="17" el="40" ec="49" bec="0" bev="0" fileid="5" />
                <SequencePoint vc="11" uspid="186" ordinal="7" offset="46" sl="41" sc="17" el="41" ec="37" bec="0" bev="0" fileid="5" />
                <SequencePoint vc="11" uspid="187" ordinal="8" offset="53" sl="42" sc="17" el="42" ec="40" bec="0" bev="0" fileid="5" />
                <SequencePoint vc="11" uspid="188" ordinal="9" offset="60" sl="44" sc="17" el="44" ec="49" bec="0" bev="0" fileid="5" />
                <SequencePoint vc="11" uspid="189" ordinal="10" offset="63" sl="45" sc="17" el="45" ec="71" bec="0" bev="0" fileid="5" />
                <SequencePoint vc="11" uspid="190" ordinal="11" offset="74" sl="47" sc="17" el="47" ec="24" bec="0" bev="0" fileid="5" />
                <SequencePoint vc="11" uspid="191" ordinal="12" offset="75" sl="47" sc="45" el="47" ec="57" bec="0" bev="0" fileid="5" />
                <SequencePoint vc="27" uspid="192" ordinal="13" offset="85" sl="47" sc="26" el="47" ec="41" bec="0" bev="0" fileid="5" />
                <SequencePoint vc="27" uspid="193" ordinal="14" offset="94" sl="48" sc="17" el="48" ec="18" bec="0" bev="0" fileid="5" />
                <SequencePoint vc="27" uspid="194" ordinal="15" offset="95" sl="49" sc="21" el="49" ec="76" bec="0" bev="0" fileid="5" />
                <SequencePoint vc="27" uspid="195" ordinal="16" offset="107" sl="51" sc="21" el="51" ec="36" bec="2" bev="2" fileid="5" />
                <SequencePoint vc="2" uspid="196" ordinal="17" offset="120" sl="52" sc="21" el="52" ec="22" bec="0" bev="0" fileid="5" />
                <SequencePoint vc="2" uspid="197" ordinal="18" offset="121" sl="53" sc="25" el="53" ec="31" bec="0" bev="0" fileid="5" />
                <SequencePoint vc="25" uspid="198" ordinal="19" offset="123" sl="56" sc="21" el="56" ec="67" bec="0" bev="0" fileid="5" />
                <SequencePoint vc="25" uspid="199" ordinal="20" offset="135" sl="58" sc="26" el="58" ec="37" bec="0" bev="0" fileid="5" />
                <SequencePoint vc="119" uspid="200" ordinal="21" offset="140" sl="59" sc="21" el="59" ec="22" bec="0" bev="0" fileid="5" />
                <SequencePoint vc="119" uspid="201" ordinal="22" offset="141" sl="60" sc="25" el="60" ec="68" bec="0" bev="0" fileid="5" />
                <SequencePoint vc="119" uspid="202" ordinal="23" offset="152" sl="61" sc="25" el="61" ec="69" bec="0" bev="0" fileid="5" />
                <SequencePoint vc="119" uspid="203" ordinal="24" offset="164" sl="62" sc="25" el="62" ec="48" bec="0" bev="0" fileid="5" />
                <SequencePoint vc="119" uspid="204" ordinal="25" offset="171" sl="64" sc="25" el="64" ec="81" bec="0" bev="0" fileid="5" />
                <SequencePoint vc="119" uspid="205" ordinal="26" offset="191" sl="65" sc="21" el="65" ec="22" bec="0" bev="0" fileid="5" />
                <SequencePoint vc="119" uspid="206" ordinal="27" offset="192" sl="58" sc="56" el="58" ec="61" bec="0" bev="0" fileid="5" />
                <SequencePoint vc="144" uspid="207" ordinal="28" offset="198" sl="58" sc="39" el="58" ec="54" bec="2" bev="2" fileid="5" />
                <SequencePoint vc="25" uspid="208" ordinal="29" offset="209" sl="66" sc="17" el="66" ec="18" bec="0" bev="0" fileid="5" />
                <SequencePoint vc="36" uspid="209" ordinal="30" offset="210" sl="47" sc="42" el="47" ec="44" bec="0" bev="0" fileid="5" />
                <SequencePoint vc="11" uspid="210" ordinal="31" offset="239" sl="67" sc="13" el="67" ec="14" bec="0" bev="0" fileid="5" />
                <SequencePoint vc="11" uspid="211" ordinal="32" offset="240" sl="37" sc="62" el="37" ec="74" bec="0" bev="0" fileid="5" />
                <SequencePoint vc="14" uspid="212" ordinal="33" offset="244" sl="37" sc="38" el="37" ec="60" bec="2" bev="2" fileid="5" />
                <SequencePoint vc="3" uspid="213" ordinal="34" offset="257" sl="68" sc="9" el="68" ec="10" bec="0" bev="0" fileid="5" />
              </SequencePoints>
              <BranchPoints>
                <BranchPoint vc="2" uspid="214" ordinal="0" offset="118" sl="51" path="0" offsetend="120" fileid="5" />
                <BranchPoint vc="25" uspid="215" ordinal="1" offset="118" sl="51" path="1" offsetend="123" fileid="5" />
                <BranchPoint vc="25" uspid="216" ordinal="2" offset="207" sl="58" path="0" offsetend="209" fileid="5" />
                <BranchPoint vc="119" uspid="217" ordinal="3" offset="207" sl="58" path="1" offsetend="140" fileid="5" />
                <BranchPoint vc="3" uspid="220" ordinal="6" offset="252" sl="37" path="0" offsetend="257" fileid="5" />
                <BranchPoint vc="11" uspid="221" ordinal="7" offset="252" sl="37" path="1" offsetend="24" fileid="5" />
              </BranchPoints>
              <MethodPoint xsi:type="SequencePoint" vc="3" uspid="179" ordinal="0" offset="0" sl="33" sc="9" el="33" ec="10" bec="0" bev="0" fileid="5" />
            </Method>
            <Method visited="true" cyclomaticComplexity="3" nPathComplexity="4" sequenceCoverage="88.24" branchCoverage="80" isConstructor="false" isStatic="false" isGetter="false" isSetter="false">
              <Summary numSequencePoints="17" visitedSequencePoints="15" numBranchPoints="5" visitedBranchPoints="4" sequenceCoverage="88.24" branchCoverage="80" maxCyclomaticComplexity="3" minCyclomaticComplexity="3" visitedClasses="0" numClasses="0" visitedMethods="1" numMethods="1" />
              <MetadataToken>100663313</MetadataToken>
              <Name>System.Double[] MultipleRegression.Core.SolutionMethods.GaussianEliminationSolutionMethod::ComputeCoefficients(System.Double[0...,0...])</Name>
              <FileRef uid="5" />
              <SequencePoints>
                <SequencePoint vc="3" uspid="222" ordinal="0" offset="0" sl="71" sc="9" el="71" ec="10" bec="0" bev="0" fileid="5" />
                <SequencePoint vc="3" uspid="223" ordinal="1" offset="1" sl="72" sc="13" el="72" ec="60" bec="0" bev="0" fileid="5" />
                <SequencePoint vc="3" uspid="224" ordinal="2" offset="9" sl="73" sc="13" el="73" ec="60" bec="0" bev="0" fileid="5" />
                <SequencePoint vc="3" uspid="225" ordinal="3" offset="17" sl="74" sc="13" el="74" ec="54" bec="0" bev="0" fileid="5" />
                <SequencePoint vc="3" uspid="226" ordinal="4" offset="24" sl="76" sc="18" el="76" ec="29" bec="0" bev="0" fileid="5" />
                <SequencePoint vc="11" uspid="227" ordinal="5" offset="28" sl="77" sc="13" el="77" ec="14" bec="0" bev="0" fileid="5" />
                <SequencePoint vc="11" uspid="228" ordinal="6" offset="29" sl="78" sc="17" el="78" ec="63" bec="0" bev="0" fileid="5" />
                <SequencePoint vc="11" uspid="229" ordinal="7" offset="41" sl="79" sc="17" el="79" ec="53" bec="0" bev="0" fileid="5" />
                <SequencePoint vc="11" uspid="230" ordinal="8" offset="51" sl="81" sc="17" el="81" ec="50" bec="2" bev="1" fileid="5" />
                <SequencePoint vc="0" uspid="231" ordinal="9" offset="67" sl="82" sc="17" el="82" ec="18" bec="0" bev="0" fileid="5" />
                <SequencePoint vc="0" uspid="232" ordinal="10" offset="68" sl="83" sc="21" el="83" ec="130" bec="0" bev="0" fileid="5" />
                <SequencePoint vc="11" uspid="233" ordinal="11" offset="79" sl="86" sc="17" el="86" ec="43" bec="0" bev="0" fileid="5" />
                <SequencePoint vc="11" uspid="234" ordinal="12" offset="87" sl="87" sc="13" el="87" ec="14" bec="0" bev="0" fileid="5" />
                <SequencePoint vc="11" uspid="235" ordinal="13" offset="88" sl="76" sc="48" el="76" ec="53" bec="0" bev="0" fileid="5" />
                <SequencePoint vc="14" uspid="236" ordinal="14" offset="92" sl="76" sc="31" el="76" ec="46" bec="2" bev="2" fileid="5" />
                <SequencePoint vc="3" uspid="237" ordinal="15" offset="102" sl="89" sc="13" el="89" ec="33" bec="0" bev="0" fileid="5" />
                <SequencePoint vc="3" uspid="238" ordinal="16" offset="107" sl="90" sc="9" el="90" ec="10" bec="0" bev="0" fileid="5" />
              </SequencePoints>
              <BranchPoints>
                <BranchPoint vc="0" uspid="239" ordinal="0" offset="65" sl="81" path="0" offsetend="67" fileid="5" />
                <BranchPoint vc="11" uspid="240" ordinal="1" offset="65" sl="81" path="1" offsetend="79" fileid="5" />
                <BranchPoint vc="3" uspid="241" ordinal="2" offset="100" sl="76" path="0" offsetend="102" fileid="5" />
                <BranchPoint vc="11" uspid="242" ordinal="3" offset="100" sl="76" path="1" offsetend="28" fileid="5" />
              </BranchPoints>
              <MethodPoint xsi:type="SequencePoint" vc="3" uspid="222" ordinal="0" offset="0" sl="71" sc="9" el="71" ec="10" bec="0" bev="0" fileid="5" />
            </Method>
            <Method visited="true" cyclomaticComplexity="5" nPathComplexity="8" sequenceCoverage="90" branchCoverage="85.71" isConstructor="false" isStatic="false" isGetter="false" isSetter="false">
              <Summary numSequencePoints="20" visitedSequencePoints="18" numBranchPoints="7" visitedBranchPoints="6" sequenceCoverage="90" branchCoverage="85.71" maxCyclomaticComplexity="5" minCyclomaticComplexity="5" visitedClasses="0" numClasses="0" visitedMethods="1" numMethods="1" />
              <MetadataToken>100663314</MetadataToken>
              <Name>System.Double MultipleRegression.Core.SolutionMethods.GaussianEliminationSolutionMethod::ComputeMultiplier(System.Double,System.Double)</Name>
              <FileRef uid="5" />
              <SequencePoints>
                <SequencePoint vc="25" uspid="243" ordinal="0" offset="0" sl="93" sc="9" el="93" ec="10" bec="0" bev="0" fileid="5" />
                <SequencePoint vc="25" uspid="244" ordinal="1" offset="1" sl="94" sc="13" el="94" ec="45" bec="2" bev="1" fileid="5" />
                <SequencePoint vc="0" uspid="245" ordinal="2" offset="13" sl="95" sc="13" el="95" ec="14" bec="0" bev="0" fileid="5" />
                <SequencePoint vc="0" uspid="246" ordinal="3" offset="14" sl="96" sc="17" el="96" ec="126" bec="0" bev="0" fileid="5" />
                <SequencePoint vc="25" uspid="247" ordinal="4" offset="25" sl="99" sc="13" el="99" ec="36" bec="0" bev="0" fileid="5" />
                <SequencePoint vc="25" uspid="248" ordinal="5" offset="35" sl="100" sc="13" el="100" ec="44" bec="0" bev="0" fileid="5" />
                <SequencePoint vc="25" uspid="249" ordinal="6" offset="42" sl="101" sc="13" el="101" ec="44" bec="0" bev="0" fileid="5" />
                <SequencePoint vc="25" uspid="250" ordinal="7" offset="49" sl="103" sc="13" el="103" ec="52" bec="2" bev="2" fileid="5" />
                <SequencePoint vc="11" uspid="251" ordinal="8" offset="62" sl="104" sc="13" el="104" ec="14" bec="0" bev="0" fileid="5" />
                <SequencePoint vc="11" uspid="252" ordinal="9" offset="63" sl="105" sc="17" el="105" ec="59" bec="0" bev="0" fileid="5" />
                <SequencePoint vc="11" uspid="253" ordinal="10" offset="77" sl="106" sc="13" el="106" ec="14" bec="0" bev="0" fileid="5" />
                <SequencePoint vc="14" uspid="254" ordinal="11" offset="80" sl="108" sc="13" el="108" ec="14" bec="0" bev="0" fileid="5" />
                <SequencePoint vc="14" uspid="255" ordinal="12" offset="81" sl="109" sc="17" el="109" ec="52" bec="0" bev="0" fileid="5" />
                <SequencePoint vc="14" uspid="256" ordinal="13" offset="85" sl="110" sc="13" el="110" ec="14" bec="0" bev="0" fileid="5" />
                <SequencePoint vc="25" uspid="257" ordinal="14" offset="86" sl="112" sc="13" el="112" ec="92" bec="2" bev="2" fileid="5" />
                <SequencePoint vc="18" uspid="258" ordinal="15" offset="113" sl="113" sc="13" el="113" ec="14" bec="0" bev="0" fileid="5" />
                <SequencePoint vc="18" uspid="259" ordinal="16" offset="114" sl="114" sc="17" el="114" ec="35" bec="0" bev="0" fileid="5" />
                <SequencePoint vc="18" uspid="260" ordinal="17" offset="126" sl="115" sc="13" el="115" ec="14" bec="0" bev="0" fileid="5" />
                <SequencePoint vc="25" uspid="261" ordinal="18" offset="127" sl="117" sc="13" el="117" ec="31" bec="0" bev="0" fileid="5" />
                <SequencePoint vc="25" uspid="262" ordinal="19" offset="132" sl="118" sc="9" el="118" ec="10" bec="0" bev="0" fileid="5" />
              </SequencePoints>
              <BranchPoints>
                <BranchPoint vc="0" uspid="263" ordinal="0" offset="11" sl="94" path="0" offsetend="13" fileid="5" />
                <BranchPoint vc="25" uspid="264" ordinal="1" offset="11" sl="94" path="1" offsetend="25" fileid="5" />
                <BranchPoint vc="11" uspid="265" ordinal="2" offset="60" sl="103" path="0" offsetend="62" fileid="5" />
                <BranchPoint vc="14" uspid="266" ordinal="3" offset="60" sl="103" path="1" offsetend="80" fileid="5" />
                <BranchPoint vc="18" uspid="269" ordinal="6" offset="111" sl="112" path="0" offsetend="113" fileid="5" />
                <BranchPoint vc="7" uspid="270" ordinal="7" offset="111" sl="112" path="1" offsetend="127" fileid="5" />
              </BranchPoints>
              <MethodPoint xsi:type="SequencePoint" vc="25" uspid="243" ordinal="0" offset="0" sl="93" sc="9" el="93" ec="10" bec="0" bev="0" fileid="5" />
            </Method>
            <Method visited="true" cyclomaticComplexity="2" nPathComplexity="2" sequenceCoverage="100" branchCoverage="66.67" isConstructor="false" isStatic="false" isGetter="false" isSetter="false">
              <Summary numSequencePoints="3" visitedSequencePoints="3" numBranchPoints="3" visitedBranchPoints="2" sequenceCoverage="100" branchCoverage="66.67" maxCyclomaticComplexity="2" minCyclomaticComplexity="2" visitedClasses="0" numClasses="0" visitedMethods="1" numMethods="1" />
              <MetadataToken>100663315</MetadataToken>
              <Name>System.Boolean MultipleRegression.Core.SolutionMethods.GaussianEliminationSolutionMethod::BothArgumentsArePositive(System.Double,System.Double)</Name>
              <FileRef uid="5" />
              <SequencePoints>
                <SequencePoint vc="25" uspid="271" ordinal="0" offset="0" sl="121" sc="9" el="121" ec="10" bec="0" bev="0" fileid="5" />
                <SequencePoint vc="25" uspid="272" ordinal="1" offset="1" sl="122" sc="13" el="122" ec="53" bec="2" bev="1" fileid="5" />
                <SequencePoint vc="25" uspid="273" ordinal="2" offset="21" sl="123" sc="9" el="123" ec="10" bec="0" bev="0" fileid="5" />
              </SequencePoints>
              <BranchPoints>
                <BranchPoint vc="25" uspid="274" ordinal="0" offset="7" sl="122" path="0" offsetend="9" fileid="5" />
                <BranchPoint vc="0" uspid="275" ordinal="1" offset="7" sl="122" path="1" offsetend="17" fileid="5" />
              </BranchPoints>
              <MethodPoint xsi:type="SequencePoint" vc="25" uspid="271" ordinal="0" offset="0" sl="121" sc="9" el="121" ec="10" bec="0" bev="0" fileid="5" />
            </Method>
            <Method visited="true" cyclomaticComplexity="2" nPathComplexity="2" sequenceCoverage="100" branchCoverage="66.67" isConstructor="false" isStatic="false" isGetter="false" isSetter="false">
              <Summary numSequencePoints="3" visitedSequencePoints="3" numBranchPoints="3" visitedBranchPoints="2" sequenceCoverage="100" branchCoverage="66.67" maxCyclomaticComplexity="2" minCyclomaticComplexity="2" visitedClasses="0" numClasses="0" visitedMethods="1" numMethods="1" />
              <MetadataToken>100663316</MetadataToken>
              <Name>System.Boolean MultipleRegression.Core.SolutionMethods.GaussianEliminationSolutionMethod::BothArgumentsAreNegative(System.Double,System.Double)</Name>
              <FileRef uid="5" />
              <SequencePoints>
                <SequencePoint vc="7" uspid="276" ordinal="0" offset="0" sl="126" sc="9" el="126" ec="10" bec="0" bev="0" fileid="5" />
                <SequencePoint vc="7" uspid="277" ordinal="1" offset="1" sl="127" sc="13" el="127" ec="53" bec="2" bev="1" fileid="5" />
                <SequencePoint vc="7" uspid="278" ordinal="2" offset="21" sl="128" sc="9" el="128" ec="10" bec="0" bev="0" fileid="5" />
              </SequencePoints>
              <BranchPoints>
                <BranchPoint vc="0" uspid="279" ordinal="0" offset="7" sl="127" path="0" offsetend="9" fileid="5" />
                <BranchPoint vc="7" uspid="280" ordinal="1" offset="7" sl="127" path="1" offsetend="17" fileid="5" />
              </BranchPoints>
              <MethodPoint xsi:type="SequencePoint" vc="7" uspid="276" ordinal="0" offset="0" sl="126" sc="9" el="126" ec="10" bec="0" bev="0" fileid="5" />
            </Method>
            <Method visited="true" cyclomaticComplexity="2" nPathComplexity="2" sequenceCoverage="100" branchCoverage="66.67" isConstructor="false" isStatic="false" isGetter="false" isSetter="false">
              <Summary numSequencePoints="3" visitedSequencePoints="3" numBranchPoints="3" visitedBranchPoints="2" sequenceCoverage="100" branchCoverage="66.67" maxCyclomaticComplexity="2" minCyclomaticComplexity="2" visitedClasses="0" numClasses="0" visitedMethods="1" numMethods="1" />
              <MetadataToken>100663317</MetadataToken>
              <Name>System.Boolean MultipleRegression.Core.SolutionMethods.GaussianEliminationSolutionMethod::AnyArgumentIsZero(System.Double,System.Double)</Name>
              <FileRef uid="5" />
              <SequencePoints>
                <SequencePoint vc="36" uspid="281" ordinal="0" offset="0" sl="131" sc="9" el="131" ec="10" bec="0" bev="0" fileid="5" />
                <SequencePoint vc="36" uspid="282" ordinal="1" offset="1" sl="132" sc="13" el="132" ec="45" bec="2" bev="1" fileid="5" />
                <SequencePoint vc="36" uspid="283" ordinal="2" offset="21" sl="133" sc="9" el="133" ec="10" bec="0" bev="0" fileid="5" />
              </SequencePoints>
              <BranchPoints>
                <BranchPoint vc="36" uspid="284" ordinal="0" offset="7" sl="132" path="0" offsetend="9" fileid="5" />
                <BranchPoint vc="0" uspid="285" ordinal="1" offset="7" sl="132" path="1" offsetend="17" fileid="5" />
              </BranchPoints>
              <MethodPoint xsi:type="SequencePoint" vc="36" uspid="281" ordinal="0" offset="0" sl="131" sc="9" el="131" ec="10" bec="0" bev="0" fileid="5" />
            </Method>
            <Method visited="true" cyclomaticComplexity="1" nPathComplexity="0" sequenceCoverage="0" branchCoverage="0" isConstructor="true" isStatic="false" isGetter="false" isSetter="false">
              <Summary numSequencePoints="0" visitedSequencePoints="0" numBranchPoints="0" visitedBranchPoints="0" sequenceCoverage="0" branchCoverage="0" maxCyclomaticComplexity="1" minCyclomaticComplexity="1" visitedClasses="0" numClasses="0" visitedMethods="0" numMethods="0" />
              <MetadataToken>100663318</MetadataToken>
              <Name>System.Void MultipleRegression.Core.SolutionMethods.GaussianEliminationSolutionMethod::.ctor()</Name>
              <SequencePoints />
              <BranchPoints />
              <MethodPoint vc="5" uspid="286" ordinal="0" offset="0" />
            </Method>
          </Methods>
        </Class>
        <Class>
          <Summary numSequencePoints="15" visitedSequencePoints="15" numBranchPoints="5" visitedBranchPoints="5" sequenceCoverage="100" branchCoverage="100" maxCyclomaticComplexity="1" minCyclomaticComplexity="1" visitedClasses="1" numClasses="1" visitedMethods="5" numMethods="5" />
          <FullName>MultipleRegression.Core.Extensions.DoubleExtensionMethods</FullName>
          <Methods>
            <Method visited="true" cyclomaticComplexity="1" nPathComplexity="0" sequenceCoverage="100" branchCoverage="100" isConstructor="false" isStatic="true" isGetter="false" isSetter="false">
              <Summary numSequencePoints="3" visitedSequencePoints="3" numBranchPoints="1" visitedBranchPoints="1" sequenceCoverage="100" branchCoverage="100" maxCyclomaticComplexity="1" minCyclomaticComplexity="1" visitedClasses="0" numClasses="0" visitedMethods="1" numMethods="1" />
              <MetadataToken>100663319</MetadataToken>
              <Name>System.Boolean MultipleRegression.Core.Extensions.DoubleExtensionMethods::IsPositive(System.Double)</Name>
              <FileRef uid="6" />
              <SequencePoints>
                <SequencePoint vc="53" uspid="287" ordinal="0" offset="0" sl="8" sc="9" el="8" ec="10" bec="0" bev="0" fileid="6" />
                <SequencePoint vc="53" uspid="288" ordinal="1" offset="1" sl="9" sc="13" el="9" ec="29" bec="0" bev="0" fileid="6" />
                <SequencePoint vc="53" uspid="289" ordinal="2" offset="16" sl="10" sc="9" el="10" ec="10" bec="0" bev="0" fileid="6" />
              </SequencePoints>
              <BranchPoints />
              <MethodPoint xsi:type="SequencePoint" vc="53" uspid="287" ordinal="0" offset="0" sl="8" sc="9" el="8" ec="10" bec="0" bev="0" fileid="6" />
            </Method>
            <Method visited="true" cyclomaticComplexity="1" nPathComplexity="0" sequenceCoverage="100" branchCoverage="100" isConstructor="false" isStatic="true" isGetter="false" isSetter="false">
              <Summary numSequencePoints="3" visitedSequencePoints="3" numBranchPoints="1" visitedBranchPoints="1" sequenceCoverage="100" branchCoverage="100" maxCyclomaticComplexity="1" minCyclomaticComplexity="1" visitedClasses="0" numClasses="0" visitedMethods="1" numMethods="1" />
              <MetadataToken>100663320</MetadataToken>
              <Name>System.Boolean MultipleRegression.Core.Extensions.DoubleExtensionMethods::IsNegative(System.Double)</Name>
              <FileRef uid="6" />
              <SequencePoints>
                <SequencePoint vc="10" uspid="290" ordinal="0" offset="0" sl="13" sc="9" el="13" ec="10" bec="0" bev="0" fileid="6" />
                <SequencePoint vc="10" uspid="291" ordinal="1" offset="1" sl="14" sc="13" el="14" ec="29" bec="0" bev="0" fileid="6" />
                <SequencePoint vc="10" uspid="292" ordinal="2" offset="16" sl="15" sc="9" el="15" ec="10" bec="0" bev="0" fileid="6" />
              </SequencePoints>
              <BranchPoints />
              <MethodPoint xsi:type="SequencePoint" vc="10" uspid="290" ordinal="0" offset="0" sl="13" sc="9" el="13" ec="10" bec="0" bev="0" fileid="6" />
            </Method>
            <Method visited="true" cyclomaticComplexity="1" nPathComplexity="0" sequenceCoverage="100" branchCoverage="100" isConstructor="false" isStatic="true" isGetter="false" isSetter="false">
              <Summary numSequencePoints="3" visitedSequencePoints="3" numBranchPoints="1" visitedBranchPoints="1" sequenceCoverage="100" branchCoverage="100" maxCyclomaticComplexity="1" minCyclomaticComplexity="1" visitedClasses="0" numClasses="0" visitedMethods="1" numMethods="1" />
              <MetadataToken>100663321</MetadataToken>
              <Name>System.Boolean MultipleRegression.Core.Extensions.DoubleExtensionMethods::IsZero(System.Double)</Name>
              <FileRef uid="6" />
              <SequencePoints>
                <SequencePoint vc="102" uspid="293" ordinal="0" offset="0" sl="18" sc="9" el="18" ec="10" bec="0" bev="0" fileid="6" />
                <SequencePoint vc="102" uspid="294" ordinal="1" offset="1" sl="19" sc="13" el="19" ec="30" bec="0" bev="0" fileid="6" />
                <SequencePoint vc="102" uspid="295" ordinal="2" offset="16" sl="20" sc="9" el="20" ec="10" bec="0" bev="0" fileid="6" />
              </SequencePoints>
              <BranchPoints />
              <MethodPoint xsi:type="SequencePoint" vc="102" uspid="293" ordinal="0" offset="0" sl="18" sc="9" el="18" ec="10" bec="0" bev="0" fileid="6" />
            </Method>
            <Method visited="true" cyclomaticComplexity="1" nPathComplexity="0" sequenceCoverage="100" branchCoverage="100" isConstructor="false" isStatic="true" isGetter="false" isSetter="false">
              <Summary numSequencePoints="3" visitedSequencePoints="3" numBranchPoints="1" visitedBranchPoints="1" sequenceCoverage="100" branchCoverage="100" maxCyclomaticComplexity="1" minCyclomaticComplexity="1" visitedClasses="0" numClasses="0" visitedMethods="1" numMethods="1" />
              <MetadataToken>100663322</MetadataToken>
              <Name>System.Boolean MultipleRegression.Core.Extensions.DoubleExtensionMethods::IsGreaterThan(System.Double,System.Double)</Name>
              <FileRef uid="6" />
              <SequencePoints>
                <SequencePoint vc="27" uspid="296" ordinal="0" offset="0" sl="23" sc="9" el="23" ec="10" bec="0" bev="0" fileid="6" />
                <SequencePoint vc="27" uspid="297" ordinal="1" offset="1" sl="24" sc="13" el="24" ec="26" bec="0" bev="0" fileid="6" />
                <SequencePoint vc="27" uspid="298" ordinal="2" offset="8" sl="25" sc="9" el="25" ec="10" bec="0" bev="0" fileid="6" />
              </SequencePoints>
              <BranchPoints />
              <MethodPoint xsi:type="SequencePoint" vc="27" uspid="296" ordinal="0" offset="0" sl="23" sc="9" el="23" ec="10" bec="0" bev="0" fileid="6" />
            </Method>
            <Method visited="true" cyclomaticComplexity="1" nPathComplexity="0" sequenceCoverage="100" branchCoverage="100" isConstructor="false" isStatic="true" isGetter="false" isSetter="false">
              <Summary numSequencePoints="3" visitedSequencePoints="3" numBranchPoints="1" visitedBranchPoints="1" sequenceCoverage="100" branchCoverage="100" maxCyclomaticComplexity="1" minCyclomaticComplexity="1" visitedClasses="0" numClasses="0" visitedMethods="1" numMethods="1" />
              <MetadataToken>100663323</MetadataToken>
              <Name>System.Boolean MultipleRegression.Core.Extensions.DoubleExtensionMethods::IsLessThan(System.Double,System.Double)</Name>
              <FileRef uid="6" />
              <SequencePoints>
                <SequencePoint vc="2" uspid="299" ordinal="0" offset="0" sl="28" sc="9" el="28" ec="10" bec="0" bev="0" fileid="6" />
                <SequencePoint vc="2" uspid="300" ordinal="1" offset="1" sl="29" sc="13" el="29" ec="26" bec="0" bev="0" fileid="6" />
                <SequencePoint vc="2" uspid="301" ordinal="2" offset="8" sl="30" sc="9" el="30" ec="10" bec="0" bev="0" fileid="6" />
              </SequencePoints>
              <BranchPoints />
              <MethodPoint xsi:type="SequencePoint" vc="2" uspid="299" ordinal="0" offset="0" sl="28" sc="9" el="28" ec="10" bec="0" bev="0" fileid="6" />
            </Method>
          </Methods>
        </Class>
      </Classes>
    </Module>
    <Module skippedDueTo="Filter" hash="88-45-F0-9C-3C-9F-72-79-CB-6A-82-FA-D7-DB-C3-4A-59-80-3C-6B">
      <ModulePath>C:\WINDOWS\Microsoft.Net\assembly\GAC_MSIL\System.Xml\v4.0_4.0.0.0__b77a5c561934e089\System.Xml.dll</ModulePath>
      <ModuleTime>2016-07-16T11:43:55.4992744Z</ModuleTime>
      <ModuleName>System.Xml</ModuleName>
      <Classes />
    </Module>
  </Modules>
</CoverageSession>